Waiting for buffer size
Received buffer size: 0
Initializing window
Waiting for buffer size
Received buffer size: 0
Initializing window
Waiting for buffer size
Received buffer size: 842281777
Failed to allocate memory for buffer
Waiting for buffer size
Received buffer size: 842281267
Failed to allocate memory for buffer
Waiting for buffer size
Received buffer size: 0
Initializing window
Window initialized
Window drawn
Waiting for buffer size
Received buffer size: 0
Initializing window
Waiting for buffer size
Received buffer size: 0
Initializing window
Waiting for buffer size
Received buffer size: 0
Initializing window
Waiting for buffer size
Received buffer size: 0
Initializing window
