Creating roach mover

Creating lizard mover

Creating roach mover

Creating lizard mover

Received message from client 0

Processing lizard message

Processed lizard message

Num lizards: 1

Publishing connect

Creating field update message

Publishing lizard connect

Num lizards: 1

Id: 0

Received message from client 0

Processing lizard message

Processed lizard message

Num lizards: 1

Publishing movement

Received message from client 0

Processing lizard message

Processed lizard message

Num lizards: 1

Publishing movement

Received message from client 0

Processing lizard message

Processed lizard message

Num lizards: 1

Publishing movement

Received message from client 0

Processing lizard message

Processed lizard message

Num lizards: 1

Publishing movement

Received message from client 0

Processing lizard message

Processed lizard message

Num lizards: 1

Publishing movement

Received message from client 0

Processing lizard message

Processed lizard message

Num lizards: 1

Publishing movement

Received message from client 0

Processing lizard message

Processed lizard message

Num lizards: 1

Publishing movement

Received message from client 0

Processing lizard message

Processed lizard message

Num lizards: 1

Publishing movement

Received message from client 0

Processing lizard message

Processed lizard message

Num lizards: 1

Publishing movement

Received message from client 0

Processing lizard message

Processed lizard message

Num lizards: 1

Publishing movement

Received message from client 0

Processing lizard message

Processed lizard message

Num lizards: 1

Publishing movement

Received message from client 0

Processing lizard message

Processed lizard message

Num lizards: 1

Publishing movement

Received message from client 0

Processing lizard message

Processed lizard message

Num lizards: 1

Publishing movement

Received message from client 0

Processing lizard message

Processed lizard message

Num lizards: 1

Publishing movement

Received message from client 0

Processing lizard message

Processed lizard message

Num lizards: 1

Publishing movement

Received message from client 0

Processing lizard message

Processed lizard message

Num lizards: 1

Publishing movement

Received message from client 0

Processing lizard message

Processed lizard message

Num lizards: 1

Publishing movement

Received message from client 0

Processing lizard message

Processed lizard message

Num lizards: 1

Publishing movement

Received message from client 0

Processing lizard message

Processed lizard message

Num lizards: 1

Publishing movement

Received message from client 0

Processing lizard message

Processed lizard message

Num lizards: 1

Publishing movement

Received message from client 0

Processing lizard message

Processed lizard message

Num lizards: 1

Publishing movement

Received message from client 0

Processing lizard message

Processed lizard message

Num lizards: 1

Publishing movement

Received message from client 0

Processing lizard message

Processed lizard message

Num lizards: 1

Publishing movement

Received message from client 0

Processing lizard message

Processed lizard message

Num lizards: 1

Publishing movement

Received message from client 0

Processing lizard message

Processed lizard message

Num lizards: 1

Publishing movement

Received message from client 0

Processing lizard message

Processed lizard message

Num lizards: 1

Publishing movement

Received message from client 0

Processing lizard message

Processed lizard message

Num lizards: 1

Publishing movement

Received message from client 0

Processing lizard message

Processed lizard message

Num lizards: 1

Publishing movement

Received message from client 0

Processing lizard message

Processed lizard message

Num lizards: 1

Publishing movement

Received message from client 0

Processing lizard message

Processed lizard message

Num lizards: 1

Publishing movement

Received message from client 0

Processing lizard message

Processed lizard message

Num lizards: 1

Publishing movement

Received message from client 0

Processing lizard message

Processed lizard message

Num lizards: 1

Publishing movement

Received message from client 0

Processing lizard message

Processed lizard message

Num lizards: 1

Publishing movement

Received message from client 0

Processing lizard message

Processed lizard message

Num lizards: 1

Publishing movement

Received message from client 0

Processing lizard message

Processed lizard message

Num lizards: 1

Publishing movement

Received message from client 0

Processing lizard message

Processed lizard message

Num lizards: 1

Publishing movement

Received message from client 0

Processing lizard message

Processed lizard message

Num lizards: 1

Publishing movement

Received message from client 0

Processing lizard message

Processed lizard message

Num lizards: 1

Publishing movement

Received message from client 0

Processing lizard message

Processed lizard message

Num lizards: 1

Publishing movement

Received message from client 0

Processing lizard message

Processed lizard message

Num lizards: 1

Publishing movement

Received message from client 0

Processing lizard message

Processed lizard message

Num lizards: 1

Publishing movement

Received message from client 0

Processing lizard message

Processed lizard message

Num lizards: 1

Publishing movement

Received message from client 0

Processing lizard message

Processed lizard message

Num lizards: 1

Publishing movement

Received message from client 0

Processing lizard message

Processed lizard message

Num lizards: 1

Publishing movement

Received message from client 0

Processing lizard message

Processed lizard message

Num lizards: 1

Publishing movement

Received message from client 0

Processing lizard message

Processed lizard message

Num lizards: 1

Publishing movement

Received message from client 0

Processing lizard message

Processed lizard message

Num lizards: 1

Publishing movement

Received message from client 0

Processing lizard message

Processed lizard message

Num lizards: 1

Publishing movement

Received message from client 0

Processing lizard message

Processed lizard message

Num lizards: 1

Publishing movement

Received message from client 0

Processing lizard message

Processed lizard message

Num lizards: 1

Publishing movement

Received message from client 0

Processing lizard message

Processed lizard message

Num lizards: 1

Publishing movement

Received message from client 0

Processing lizard message

Processed lizard message

Num lizards: 1

Publishing movement

Received message from client 0

Processing lizard message

Processed lizard message

Num lizards: 1

Publishing movement

Received message from client 0

Processing lizard message

Processed lizard message

Num lizards: 1

Publishing movement

Received message from client 0

Processing lizard message

Processed lizard message

Num lizards: 1

Publishing movement

Received message from client 0

Processing lizard message

Processed lizard message

Num lizards: 1

Publishing movement

